<?xml version="1.0" encoding="UTF-8"?>
<testng-results skipped="0" failed="0" total="1" passed="1">
  <reporter-output>
  </reporter-output>
  <suite name="Default suite" duration-ms="1881" started-at="2018-03-27T16:36:40Z" finished-at="2018-03-27T16:36:42Z">
    <groups>
    </groups>
    <test name="Default test" duration-ms="1881" started-at="2018-03-27T16:36:40Z" finished-at="2018-03-27T16:36:42Z">
      <class name="APITesting.com.org.api.JasonServerRequests">
        <test-method status="PASS" signature="test_10()[pri:0, instance:APITesting.com.org.api.JasonServerRequests@724af044]" name="test_10" duration-ms="1864" started-at="2018-03-27T12:36:40Z" finished-at="2018-03-27T12:36:42Z">
          <reporter-output>
          </reporter-output>
        </test-method> <!-- test_10 -->
      </class> <!-- APITesting.com.org.api.JasonServerRequests -->
    </test> <!-- Default test -->
  </suite> <!-- Default suite -->
</testng-results>
