<?xml version="1.0" encoding="UTF-8"?>
<!-- Generated by org.testng.reporters.JUnitXMLReporter -->
<testsuite hostname="DESKTOP-0KSQGQF" name="Default test" tests="5" failures="0" timestamp="25 Mar 2018 17:07:40 GMT" time="2.525" errors="0">
  <testcase name="Test_03" time="1.949" classname="APITesting.com.org.api.WeatherGetRequests"/>
  <testcase name="Test_04" time="0.145" classname="APITesting.com.org.api.WeatherGetRequests"/>
  <testcase name="Test_05" time="0.161" classname="APITesting.com.org.api.WeatherGetRequests"/>
  <testcase name="Test_06" time="0.121" classname="APITesting.com.org.api.WeatherGetRequests"/>
  <testcase name="Test_06a" time="0.116" classname="APITesting.com.org.api.WeatherGetRequests"/>
</testsuite> <!-- Default test -->
