<?xml version="1.0" encoding="UTF-8"?>
<!-- Generated by org.testng.reporters.JUnitXMLReporter -->
<testsuite hostname="DESKTOP-0KSQGQF" name="Default test" tests="5" failures="0" timestamp="24 Mar 2018 19:01:45 GMT" time="2.433" errors="0">
  <testcase name="Test_03" time="1.907" classname="APITesting.com.org.api.WeatherGetRequests"/>
  <testcase name="Test_04" time="0.203" classname="APITesting.com.org.api.WeatherGetRequests"/>
  <testcase name="Test_05" time="0.11" classname="APITesting.com.org.api.WeatherGetRequests"/>
  <testcase name="Test_06" time="0.107" classname="APITesting.com.org.api.WeatherGetRequests"/>
  <testcase name="Test_06a" time="0.078" classname="APITesting.com.org.api.WeatherGetRequests"/>
</testsuite> <!-- Default test -->
